  ??? Next.js 14.2.35
  - Environments: .env

   Creating an optimized production build ...
node.exe : Failed to 
compile.
At line:1 char:1
+ & "C:\Program 
Files\nodejs/node.exe" 
"C:\Users\Neha\AppData\
Roaming\n ...
+ ~~~~~~~~~~~~~~~~~~~~~
~~~~~~~~~~~~~~~~~~~~~~~
~~~~~~~~~~~~~~~~~~~~~~~
~~
    + CategoryInfo     
         : NotSpecifi  
  ed: (Failed to com   
 pile.:String) [],     
RemoteException
    + FullyQualifiedEr 
   rorId : NativeComm  
  andError
 

./src/app/admin/dispute
s/page.tsx
Module not found: 
Can't resolve 
'@/components/ui/table'

https://nextjs.org/docs
/messages/module-not-fo
und

./src/app/admin/flagged
/page.tsx
Module not found: 
Can't resolve 
'@/components/ui/table'

https://nextjs.org/docs
/messages/module-not-fo
und

./src/app/admin/transpo
rters/page.tsx
Module not found: 
Can't resolve 
'@/components/ui/table'

https://nextjs.org/docs
/messages/module-not-fo
und

./src/app/admin/users/p
age.tsx
Module not found: 
Can't resolve 
'@/components/ui/table'

https://nextjs.org/docs
/messages/module-not-fo
und


> Build failed because 
of webpack errors
